Determining if the pthread_create exist failed with the following output:
Change Dir: /var/local/home/team11/ros_workspaces/final/build/CMakeFiles/CMakeTmp

Run Build Command:/usr/bin/make "cmTryCompileExec2433427822/fast"
/usr/bin/make -f CMakeFiles/cmTryCompileExec2433427822.dir/build.make CMakeFiles/cmTryCompileExec2433427822.dir/build
make[1]: Entering directory `/var/local/home/team11/ros_workspaces/final/build/CMakeFiles/CMakeTmp'
/usr/bin/cmake -E cmake_progress_report /var/local/home/team11/ros_workspaces/final/build/CMakeFiles/CMakeTmp/CMakeFiles 1
Building C object CMakeFiles/cmTryCompileExec2433427822.dir/CheckSymbolExists.c.o
/usr/bin/cc    -o CMakeFiles/cmTryCompileExec2433427822.dir/CheckSymbolExists.c.o   -c /var/local/home/team11/ros_workspaces/final/build/CMakeFiles/CMakeTmp/CheckSymbolExists.c
Linking C executable cmTryCompileExec2433427822
/usr/bin/cmake -E cmake_link_script CMakeFiles/cmTryCompileExec2433427822.dir/link.txt --verbose=1
/usr/bin/cc       CMakeFiles/cmTryCompileExec2433427822.dir/CheckSymbolExists.c.o  -o cmTryCompileExec2433427822 -rdynamic 
CMakeFiles/cmTryCompileExec2433427822.dir/CheckSymbolExists.c.o: In function `main':
CheckSymbolExists.c:(.text+0x16): undefined reference to `pthread_create'
collect2: error: ld returned 1 exit status
make[1]: Leaving directory `/var/local/home/team11/ros_workspaces/final/build/CMakeFiles/CMakeTmp'
make[1]: *** [cmTryCompileExec2433427822] Error 1
make: *** [cmTryCompileExec2433427822/fast] Error 2

File /var/local/home/team11/ros_workspaces/final/build/CMakeFiles/CMakeTmp/CheckSymbolExists.c:
/* */
#include <pthread.h>

int main(int argc, char** argv)
{
  (void)argv;
#ifndef pthread_create
  return ((int*)(&pthread_create))[argc];
#else
  (void)argc;
  return 0;
#endif
}

Determining if the function pthread_create exists in the pthreads failed with the following output:
Change Dir: /var/local/home/team11/ros_workspaces/final/build/CMakeFiles/CMakeTmp

Run Build Command:/usr/bin/make "cmTryCompileExec1603668344/fast"
/usr/bin/make -f CMakeFiles/cmTryCompileExec1603668344.dir/build.make CMakeFiles/cmTryCompileExec1603668344.dir/build
make[1]: Entering directory `/var/local/home/team11/ros_workspaces/final/build/CMakeFiles/CMakeTmp'
/usr/bin/cmake -E cmake_progress_report /var/local/home/team11/ros_workspaces/final/build/CMakeFiles/CMakeTmp/CMakeFiles 1
Building C object CMakeFiles/cmTryCompileExec1603668344.dir/CheckFunctionExists.c.o
/usr/bin/cc   -DCHECK_FUNCTION_EXISTS=pthread_create   -o CMakeFiles/cmTryCompileExec1603668344.dir/CheckFunctionExists.c.o   -c /usr/share/cmake-2.8/Modules/CheckFunctionExists.c
Linking C executable cmTryCompileExec1603668344
/usr/bin/cmake -E cmake_link_script CMakeFiles/cmTryCompileExec1603668344.dir/link.txt --verbose=1
/usr/bin/cc   -DCHECK_FUNCTION_EXISTS=pthread_create    CMakeFiles/cmTryCompileExec1603668344.dir/CheckFunctionExists.c.o  -o cmTryCompileExec1603668344 -rdynamic -lpthreads 
/usr/bin/ld: cannot find -lpthreads
collect2: error: ld returned 1 exit status
make[1]: *** [cmTryCompileExec1603668344] Error 1
make[1]: Leaving directory `/var/local/home/team11/ros_workspaces/final/build/CMakeFiles/CMakeTmp'
make: *** [cmTryCompileExec1603668344/fast] Error 2


